<?xml version="1.0" encoding="UTF-8"?>
<testsuite xmlns:xsi="http://www.w3.org/2001/XMLSchema-instance" xsi:noNamespaceSchemaLocation="https://maven.apache.org/surefire/maven-surefire-plugin/xsd/surefire-test-report.xsd" name="randomdata.RandomUtilTest" time="1.389" tests="9" errors="0" skipped="0" failures="0">
  <properties>
[...]
</properties>
  <testcase name="getBookType_Small" classname="randomdata.RandomUtilTest" time="1.224"/>
  <testcase name="getBookType_Big" classname="randomdata.RandomUtilTest" time="0"/>
  <testcase name="getPublishment" classname="randomdata.RandomUtilTest" time="0.001"/>
  <testcase name="getChineseName" classname="randomdata.RandomUtilTest" time="0"/>
  <testcase name="getBookName" classname="randomdata.RandomUtilTest" time="0"/>
  <testcase name="getProvice_CityName" classname="randomdata.RandomUtilTest" time="0.001"/>
  <testcase name="getFullChineseName" classname="randomdata.RandomUtilTest" time="0"/>
  <testcase name="getProvice_City_TownName" classname="randomdata.RandomUtilTest" time="0"/>
  <testcase name="getProvice_City_Town_All" classname="randomdata.RandomUtilTest" time="0.096"/>
</testsuite>